T1424 34307:413 SEGGER J-Link V5.10 Log File (0001ms, 63914ms total)
T1424 34307:413 DLL Compiled: Nov 27 2015 17:01:28 (0001ms, 63914ms total)
T1424 34307:413 Logging started @ 2016-08-30 11:50 (0001ms, 63914ms total)
T1424 34307:448 JLINK_ExecCommand("Device = ATSAMD21E18A", ...)Device "ATSAMD21E18" selected.  returns 0x00 (0001ms, 63915ms total)
T1424 34307:560 JLINK_ExecCommand("device = ATSAMD21E18A", ...)Device "ATSAMD21E18" selected.  returns 0x00 (0000ms, 63916ms total)
T1424 34307:561 JLINK_GetHWStatus(...)  returns 0x00 (0001ms, 63917ms total)
T1424 34307:562 JLINK_ClrRESET() (0001ms, 63918ms total)
T1424 34307:563 JLINK_SetRESET() (0001ms, 63919ms total)
T1424 34307:564 JLINK_ClrRESET() (0001ms, 63920ms total)
T1424 34307:565 JLINK_ClrTCK()  returns 0x00 (0001ms, 63921ms total)
T1424 34307:566 JLINK_SetRESET() (0000ms, 63921ms total)
T1424 34307:567 JLINK_Clock()  returns 0x00 (0000ms, 63921ms total)
T1424 34307:567 JLINK_TIF_Select(JLINKARM_TIF_SWD)  returns 0x00 (0002ms, 63923ms total)
T1424 34307:569 JLINK_SetSpeed(50) (0001ms, 63924ms total)
T1424 34307:570 JLINK_JTAG_StoreRaw(..., 0x108 Bits)  returns 0x00 (0000ms, 63924ms total)
T1424 34307:570 JLINK_JTAG_GetU32(BitPos = 227) >0x108 TIF>  returns 0x0BC11477 (0007ms, 63931ms total)
T1424 34307:577 JLINK_JTAG_StoreRaw(..., 0x08 Bits)  returns 0x00 (0000ms, 63931ms total)
T1424 34307:577 JLINK_JTAG_StoreRaw(..., 0x03 Bits)  returns 0x08 (0000ms, 63931ms total)
T1424 34307:577 JLINK_JTAG_StoreRaw(..., 0x28 Bits)  returns 0x0B (0000ms, 63931ms total)
T1424 34307:578 JLINK_JTAG_GetU8(BitPos = 8) >0x33 TIF>  returns 0xB9 (0001ms, 63933ms total)
T1424 34307:579 JLINK_JTAG_GetU32(BitPos = 11)  returns 0x0BC11477 (0001ms, 63934ms total)
T1424 34307:580 JLINK_JTAG_GetU8(BitPos = 43)  returns 0x02 (0000ms, 63934ms total)
T1424 34307:580 JLINK_JTAG_StoreRaw(..., 0x08 Bits)  returns 0x00 (0000ms, 63934ms total)
T1424 34307:580 JLINK_JTAG_StoreRaw(..., 0x03 Bits)  returns 0x08 (0000ms, 63934ms total)
T1424 34307:581 JLINK_JTAG_StoreRaw(..., 0x28 Bits)  returns 0x0B (0000ms, 63935ms total)
T1424 34307:581 JLINK_JTAG_GetU8(BitPos = 8) >0x33 TIF>  returns 0x19 (0002ms, 63937ms total)
T1424 34307:583 JLINK_JTAG_GetU32(BitPos = 11)  returns 0x00000043 (0000ms, 63937ms total)
T1424 34307:583 JLINK_JTAG_GetU8(BitPos = 43)  returns 0x03 (0000ms, 63937ms total)
T1424 34307:583 JLINK_JTAG_StoreRaw(..., 0x08 Bits)  returns 0x00 (0000ms, 63937ms total)
T1424 34307:584 JLINK_JTAG_StoreRaw(..., 0x03 Bits)  returns 0x08 (0000ms, 63937ms total)
T1424 34307:584 JLINK_JTAG_StoreRaw(..., 0x02 Bits)  returns 0x0B (0000ms, 63937ms total)
T1424 34307:584 JLINK_JTAG_StoreRaw(..., 0x28 Bits)  returns 0x0D (0000ms, 63937ms total)
T1424 34307:584 JLINK_JTAG_GetU8(BitPos = 8) >0x35 TIF>  returns 0xD9 (0002ms, 63939ms total)
T1424 34307:586 JLINK_JTAG_StoreRaw(..., 0x08 Bits)  returns 0x00 (0001ms, 63940ms total)
T1424 34307:587 JLINK_JTAG_StoreRaw(..., 0x03 Bits)  returns 0x08 (0000ms, 63940ms total)
T1424 34307:587 JLINK_JTAG_StoreRaw(..., 0x28 Bits)  returns 0x0B (0000ms, 63940ms total)
T1424 34307:588 JLINK_JTAG_GetU8(BitPos = 8) >0x33 TIF>  returns 0x09 (0002ms, 63943ms total)
T1424 34307:590 JLINK_JTAG_GetU32(BitPos = 11)  returns 0x00000041 (0002ms, 63945ms total)
T1424 34307:592 JLINK_JTAG_GetU8(BitPos = 43)  returns 0x02 (0001ms, 63946ms total)
T1424 34307:593 JLINK_JTAG_StoreRaw(..., 0x08 Bits)  returns 0x00 (0000ms, 63946ms total)
T1424 34307:593 JLINK_JTAG_StoreRaw(..., 0x03 Bits)  returns 0x08 (0000ms, 63946ms total)
T1424 34307:593 JLINK_JTAG_StoreRaw(..., 0x02 Bits)  returns 0x0B (0000ms, 63946ms total)
T1424 34307:594 JLINK_JTAG_StoreRaw(..., 0x28 Bits)  returns 0x0D (0000ms, 63947ms total)
T1424 34307:594 JLINK_JTAG_GetU8(BitPos = 8) >0x35 TIF>  returns 0x39 (0002ms, 63949ms total)
T1424 34307:596 JLINK_JTAG_StoreRaw(..., 0x08 Bits)  returns 0x00 (0000ms, 63949ms total)
T1424 34307:596 JLINK_JTAG_StoreRaw(..., 0x03 Bits)  returns 0x08 (0000ms, 63949ms total)
T1424 34307:597 JLINK_JTAG_StoreRaw(..., 0x28 Bits)  returns 0x0B (0000ms, 63950ms total)
T1424 34307:597 JLINK_JTAG_GetU8(BitPos = 8) >0x33 TIF>  returns 0x09 (0002ms, 63952ms total)
T1424 34307:599 JLINK_JTAG_GetU32(BitPos = 11)  returns 0xF0000041 (0000ms, 63952ms total)
T1424 34307:599 JLINK_JTAG_GetU8(BitPos = 43)  returns 0x02 (0000ms, 63952ms total)
T1424 34307:600 JLINK_WriteMem(0x41002100, 0x0001 Bytes, ...) - Data: 10 >0x108 TIF>Found SWD-DP with ID 0x0BC11477 >0x0D TIF> >0x28 TIF> >0x0D TIF> >0x28 TIF> >0x0D TIF> >0x28 TIF> >0x0D TIF> >0x28 TIF> >0x0D TIF> >0x21 TIF> >0x0D TIF> >0x28 TIF> >0x0D TIF> >0x28 TIF> >0x0D TIF> >0x28 TIF> >0x0D TIF> >0x21 TIF> >0x0D TIF> >0x21 TIF> >0x108 TIF>Found SWD-DP with ID 0x0BC11477 >0x0D TIF> >0x28 TIF> >0x0D TIF> >0x28 TIF> >0x0D TIF> >0x28 TIF> >0x0D TIF> >0x28 TIF> >0x0D TIF> >0x21 TIF> >0x0D TIF>
 >0x28 TIF> >0x0D TIF> >0x28 TIF> >0x0D TIF> >0x21 TIF> >0x0D TIF> >0x21 TIF> >0x0D TIF> >0x21 TIF> >0x0D TIF> >0x28 TIF> >0x0D TIF> >0x28 TIF> >0x0D TIF> >0x28 TIF> >0x0D TIF> >0x21 TIF> >0x0D TIF> >0x21 TIF> >0x0D TIF> >0x28 TIF> >0x0D TIF> >0x21 TIF> >0x0D TIF> >0x21 TIF>Found Cortex-M0 r0p1, Little endian. -- CPU_ReadMem(4 bytes @ 0xE000EDF0) -- CPU_ReadMem(4 bytes @ 0xE0002000)FPUnit: 4 code (BP) slots and 0 literal slots -- CPU_ReadMem(4 bytes @ 0xE000EDFC) -- CPU_ReadMem(4 bytes @ 0xE0001000)
 -- CPU_WriteMem(4 bytes @ 0xE0001000)CoreSight components:ROMTbl 0 @ 41003000 -- CPU_ReadMem(16 bytes @ 0x41003000) -- CPU_ReadMem(16 bytes @ 0xE00FFFF0) -- CPU_ReadMem(16 bytes @ 0xE00FFFE0)ROMTbl 0 [0]: 9F0FC000, CID: B105100D, PID: 000BB4C0 ROM TableROMTbl 1 @ E00FF000 -- CPU_ReadMem(16 bytes @ 0xE00FF000) -- CPU_ReadMem(16 bytes @ 0xE000EFF0) -- CPU_ReadMem(16 bytes @ 0xE000EFE0)ROMTbl 1 [0]: FFF0F000, CID: B105E00D, PID: 000BB008 SCS -- CPU_ReadMem(16 bytes @ 0xE0001FF0)
 -- CPU_ReadMem(16 bytes @ 0xE0001FE0)ROMTbl 1 [1]: FFF02000, CID: B105E00D, PID: 000BB00A DWT -- CPU_ReadMem(16 bytes @ 0xE0002FF0) -- CPU_ReadMem(16 bytes @ 0xE0002FE0)ROMTbl 1 [2]: FFF03000, CID: B105E00D, PID: 000BB00B FPB -- CPU_ReadMem(16 bytes @ 0x41006FF0) -- CPU_ReadMem(16 bytes @ 0x41006FE0)ROMTbl 0 [1]: 00003000, CID: B105900D, PID: 001BB932 MTB-M0+ -- CPU is running -- CPU_WriteMem(1 bytes @ 0x41002100)  returns 0x01 (0260ms, 64212ms total)
T1424 34307:860 JLINK_ReadMem (0x41002101, 0x0001 Bytes, ...) -- CPU is running -- CPU_ReadMem(1 bytes @ 0x41002101) - Data: 01  returns 0x00 (0035ms, 64247ms total)
T1424 34307:895 JLINK_ExecCommand("ProjectFile = \\vmware-host\Shared Folders\Documents\Portfolio\embedded-HR-mon\HR-mon-firmware\HR-mon-firmware\jlink.config", ...)  returns 0x00 (0005ms, 64252ms total)
T1424 34307:933 JLINK_ExecCommand("Device = ATSAMD21E18A", ...)Device "ATSAMD21E18" selected.  returns 0x00 (0001ms, 64253ms total)
T1424 34307:934 JLINK_TIF_Select(JLINKARM_TIF_SWD)  returns 0x00 (0000ms, 64253ms total)
T1424 34307:934 JLINK_SetSpeed(4000) (0001ms, 64254ms total)
T1424 34307:935 JLINK_ResetPullsRESET(OFF) (0000ms, 64254ms total)
T1424 34307:935 JLINK_Connect() >0x108 TIF>Found SWD-DP with ID 0x0BC11477 >0x0D TIF> >0x28 TIF> >0x0D TIF> >0x28 TIF> >0x0D TIF> >0x28 TIF> >0x0D TIF> >0x28 TIF> >0x0D TIF> >0x21 TIF> >0x0D TIF> >0x28 TIF> >0x0D TIF> >0x28 TIF> >0x0D TIF> >0x28 TIF> >0x0D TIF> >0x21 TIF> >0x0D TIF> >0x21 TIF> >0x108 TIF>Found SWD-DP with ID 0x0BC11477 >0x0D TIF> >0x28 TIF> >0x0D TIF> >0x28 TIF> >0x0D TIF> >0x28 TIF> >0x0D TIF> >0x28 TIF> >0x0D TIF> >0x21 TIF> >0x0D TIF> >0x28 TIF> >0x0D TIF> >0x28 TIF> >0x0D TIF>
 >0x21 TIF> >0x0D TIF> >0x21 TIF> >0x0D TIF> >0x21 TIF> >0x0D TIF> >0x28 TIF> >0x0D TIF> >0x28 TIF> >0x0D TIF> >0x28 TIF> >0x0D TIF> >0x21 TIF> >0x0D TIF> >0x21 TIF> >0x0D TIF> >0x28 TIF> >0x0D TIF> >0x21 TIF> >0x0D TIF> >0x21 TIF>Found Cortex-M0 r0p1, Little endian. -- CPU_ReadMem(4 bytes @ 0xE000EDF0) -- CPU_ReadMem(4 bytes @ 0xE0002000)FPUnit: 4 code (BP) slots and 0 literal slots -- CPU_ReadMem(4 bytes @ 0xE000EDFC) -- CPU_ReadMem(4 bytes @ 0xE0001000) -- CPU_WriteMem(4 bytes @ 0xE0001000)
CoreSight components:ROMTbl 0 @ 41003000 -- CPU_ReadMem(16 bytes @ 0x41003000) -- CPU_ReadMem(16 bytes @ 0xE00FFFF0) -- CPU_ReadMem(16 bytes @ 0xE00FFFE0)ROMTbl 0 [0]: 9F0FC000, CID: B105100D, PID: 000BB4C0 ROM TableROMTbl 1 @ E00FF000 -- CPU_ReadMem(16 bytes @ 0xE00FF000) -- CPU_ReadMem(16 bytes @ 0xE000EFF0) -- CPU_ReadMem(16 bytes @ 0xE000EFE0)ROMTbl 1 [0]: FFF0F000, CID: B105E00D, PID: 000BB008 SCS -- CPU_ReadMem(16 bytes @ 0xE0001FF0) -- CPU_ReadMem(16 bytes @ 0xE0001FE0)
ROMTbl 1 [1]: FFF02000, CID: B105E00D, PID: 000BB00A DWT -- CPU_ReadMem(16 bytes @ 0xE0002FF0) -- CPU_ReadMem(16 bytes @ 0xE0002FE0)ROMTbl 1 [2]: FFF03000, CID: B105E00D, PID: 000BB00B FPB -- CPU_ReadMem(16 bytes @ 0x41006FF0) -- CPU_ReadMem(16 bytes @ 0x41006FE0)ROMTbl 0 [1]: 00003000, CID: B105900D, PID: 001BB932 MTB-M0+  returns 0x00 (0064ms, 64318ms total)
T1424 34307:999 JLINK_Halt()  returns 0x00 (0003ms, 64321ms total)
T1424 34308:005 JLINK_JTAG_GetDeviceID(DeviceIndex = 0)  returns 0x00 (0000ms, 64321ms total)
T1424 34308:006 JLINK_ReadMemU32(0x41002018, 0x0001 Items, ...) -- CPU_ReadMem(4 bytes @ 0x41002018) - Data: 0A 01 01 10  returns 0x01 (0001ms, 64323ms total)
T1B58 34308:018 JLINK_IsHalted()  returns TRUE (0000ms, 64323ms total)
T1B58 34308:018 JLINK_GetMOEs(...) -- CPU_ReadMem(4 bytes @ 0xE000ED30) -- CPU_WriteMem(4 bytes @ 0xE000ED30)  returns 0x01 (0012ms, 64335ms total)
T1424 34308:030 JLINK_BeginDownload(Flags = 0x00) (0000ms, 64335ms total)
T1424 34308:030 JLINK_WriteMem(0x00000000, 0x0E6C Bytes, ...) - Data: 38 21 00 20 5D 0B 00 00 59 0B 00 00 59 0B 00 00 ...  returns 0xE6C (0001ms, 64336ms total)
T1424 34308:031 JLINK_WriteMem(0x00000E6C, 0x0004 Bytes, ...) - Data: 01 00 00 00  returns 0x04 (0001ms, 64337ms total)
T1B58 34308:034 JLINK_ReadReg(R15 (PC)) -- -------------------------------------- -- Start of determining dirty areas in flash cache -- End of determining dirty areas -- Start of preparing flash programming -- Calculating RAM usage -- RAM usage = 2340 Bytes -- Preserving CPU registers -- Preparing memory -- Determining CPU clock frequency -- CPU clock frequency: 10688 kHz -- CPU frequency = 10688 kHz -- Preparing target -- Downloading RAMCode -- Checking target RAM -- Preparing RAMCode
 -- End of preparing flash programming -- CPU is running at 10688 kHz. -- Start of comparing flash -- CRC check was estimated as fastest method -- Comparing range 0x0000 - 0x0EFF (15 Sectors, 3 KB), using multi-block CRC calculation -- CRC does not match for sectors 0-14 -- End of comparing flash -- Start of erasing sectors -- End of erasing sectors -- Start of flash programming -- Programming range 0x00000000 - 0x00000EFF (015 Sectors, 3 KB) -- End of flash programming
 -- 0x0000 - 0x0EFF (015 Sectors, 3 KB) -- Start of verifying flash -- Checksum calculation was estimated as fastest method -- End of verifying flash -- Start of restoring -- Restore RAMCode -- Restore content of target memory -- Restore target -- Restore memory -- Restoring CPU registers -- End of restoring -- Flash programming performed for 1 range (3840 bytes) -- Total time needed: 0.265s (Prepare: 0.150s, Compare: 0.010s, Erase: 0.000s, Program: 0.097s, Verify: 0.000s, Restore: 0.005s)
  returns 0xFFFFFFFE (0272ms, 64609ms total)
T1424 34308:309 JLINK_EndDownload()  returns 0x00 (0000ms, 64609ms total)
T1424 34308:309 JLINK_ResetPullsRESET(ON) (0000ms, 64609ms total)
T1424 34308:309 JLINK_ResetNoHalt() >0x108 TIF>Found SWD-DP with ID 0x0BC11477 >0x0D TIF> >0x28 TIF> >0x0D TIF> >0x28 TIF> >0x0D TIF> >0x28 TIF> >0x0D TIF> >0x28 TIF> >0x0D TIF> >0x21 TIF> >0x0D TIF> >0x28 TIF> >0x0D TIF> >0x28 TIF> >0x0D TIF> >0x28 TIF> >0x0D TIF> >0x21 TIF> >0x0D TIF> >0x21 TIF> >0x108 TIF>Found SWD-DP with ID 0x0BC11477 >0x0D TIF> >0x28 TIF> >0x0D TIF> >0x28 TIF> >0x0D TIF> >0x28 TIF> >0x0D TIF> >0x28 TIF> >0x0D TIF> >0x21 TIF> >0x0D TIF> >0x28 TIF> >0x0D TIF> >0x28 TIF> >0x0D TIF>
 >0x21 TIF> >0x0D TIF> >0x21 TIF> >0x0D TIF> >0x21 TIF> >0x0D TIF> >0x28 TIF> >0x0D TIF> >0x28 TIF> >0x0D TIF> >0x28 TIF> >0x0D TIF> >0x21 TIF> >0x0D TIF> >0x21 TIF> >0x0D TIF> >0x28 TIF> >0x0D TIF> >0x21 TIF> >0x0D TIF> >0x21 TIF>Found Cortex-M0 r0p1, Little endian. -- CPU_ReadMem(4 bytes @ 0xE000EDF0) -- CPU_ReadMem(4 bytes @ 0xE0002000)FPUnit: 4 code (BP) slots and 0 literal slots -- CPU_ReadMem(4 bytes @ 0xE000EDFC) -- CPU_ReadMem(4 bytes @ 0xE0001000)CoreSight components:ROMTbl 0 @ 41003000
 -- CPU_ReadMem(16 bytes @ 0x41003000) -- CPU_ReadMem(16 bytes @ 0xE00FFFF0) -- CPU_ReadMem(16 bytes @ 0xE00FFFE0)ROMTbl 0 [0]: 9F0FC000, CID: B105100D, PID: 000BB4C0 ROM TableROMTbl 1 @ E00FF000 -- CPU_ReadMem(16 bytes @ 0xE00FF000) -- CPU_ReadMem(16 bytes @ 0xE000EFF0) -- CPU_ReadMem(16 bytes @ 0xE000EFE0)ROMTbl 1 [0]: FFF0F000, CID: B105E00D, PID: 000BB008 SCS -- CPU_WriteMem(4 bytes @ 0xE0001000) -- CPU_ReadMem(16 bytes @ 0xE0001FF0) -- CPU_ReadMem(16 bytes @ 0xE0001FE0)
ROMTbl 1 [1]: FFF02000, CID: B105E00D, PID: 000BB00A DWT -- CPU_ReadMem(16 bytes @ 0xE0002FF0) -- CPU_ReadMem(16 bytes @ 0xE0002FE0)ROMTbl 1 [2]: FFF03000, CID: B105E00D, PID: 000BB00B FPB -- CPU_ReadMem(16 bytes @ 0x41006FF0) -- CPU_ReadMem(16 bytes @ 0x41006FE0)ROMTbl 0 [1]: 00003000, CID: B105900D, PID: 001BB932 MTB-M0+
                JLINK_Reset() -- CPU_ReadMem(4 bytes @ 0x20000000) -- CPU_WriteMem(4 bytes @ 0x20000000) -- CPU_ReadMem(4 bytes @ 0xE000EDFC) -- CPU_WriteMem(4 bytes @ 0xE000EDFC) -- CPU_WriteMem(4 bytes @ 0xE000ED0C) -- CPU is running -- CPU_ReadMem(4 bytes @ 0xE000EDF0) -- CPU is running -- CPU_ReadMem(4 bytes @ 0x41002100) -- CPU is running -- CPU_WriteMem(4 bytes @ 0xE000EDFC) -- CPU_WriteMem(4 bytes @ 0xE0002000) -- CPU_ReadMem(4 bytes @ 0xE000EDFC) -- CPU_ReadMem(4 bytes @ 0xE0001000)
 -- CPU_WriteMem(4 bytes @ 0xE0001000) (0014ms, 0014ms total)
                JLINK_Go() -- CPU_ReadMem(4 bytes @ 0xE0001000) -- CPU_WriteMem(4 bytes @ 0xE0001000) -- CPU_WriteMem(4 bytes @ 0xE0001004) (0003ms, 0017ms total)
               (0070ms, 64679ms total)
T1424 34308:389 JLINK_Close() >0x42 TIF> >0x28 TIF> >0x0D TIF> >0x21 TIF> (0005ms, 64684ms total)
T1424 34308:389  (0005ms, 64684ms total)
T1424 34308:389 Closed (0005ms, 64684ms total)
